# JRE version: Java(TM) SE Runtime Environment (17.0.6+9) (build 17.0.6+9-LTS-190)
# Java VM: Java HotSpot(TM) 64-Bit Server VM (17.0.6+9-LTS-190, mixed mode, sharing, tiered, compressed oops, compressed class ptrs, g1 gc, windows-amd64)
GC Precious Log:
 CPUs: 4 total, 4 available
 Memory: 6053M
 Large Page Support: Disabled
 NUMA Support: Disabled
 Compressed Oops: Enabled (32-bit)
 Heap Region Size: 1M
 Heap Min Capacity: 8M
 Heap Initial Capacity: 96M
 Heap Max Capacity: 1514M
 Pre-touch: Disabled
 Parallel Workers: 4
 Concurrent Workers: 1
 Concurrent Refinement Workers: 4
 Periodic GC: Disabled
Heap:
 garbage-first heap   total 121856K, used 70275K [0x00000000a1600000, 0x0000000100000000)
  region size 1024K, 23 young (23552K), 1 survivors (1024K)
 Metaspace       used 90539K, committed 91200K, reserved 1130496K
  class space    used 11996K, committed 12352K, reserved 1048576K
GC Heap History (20 events):
Event: 1667.302 GC heap before
{Heap before GC invocations=59 (full 0):
 garbage-first heap   total 121856K, used 107206K [0x00000000a1600000, 0x0000000100000000)
  region size 1024K, 59 young (60416K), 1 survivors (1024K)
 Metaspace       used 90380K, committed 91072K, reserved 1130496K
  class space    used 11992K, committed 12352K, reserved 1048576K
}
Event: 1667.305 GC heap after
{Heap after GC invocations=60 (full 0):
 garbage-first heap   total 121856K, used 47800K [0x00000000a1600000, 0x0000000100000000)
  region size 1024K, 1 young (1024K), 1 survivors (1024K)
 Metaspace       used 90380K, committed 91072K, reserved 1130496K
  class space    used 11992K, committed 12352K, reserved 1048576K
}
Event: 2033.594 GC heap before
{Heap before GC invocations=60 (full 0):
 garbage-first heap   total 121856K, used 107192K [0x00000000a1600000, 0x0000000100000000)
  region size 1024K, 59 young (60416K), 1 survivors (1024K)
 Metaspace       used 90454K, committed 91136K, reserved 1130496K
  class space    used 11993K, committed 12352K, reserved 1048576K
}
Event: 2034.021 GC heap after
{Heap after GC invocations=61 (full 0):
 garbage-first heap   total 121856K, used 48858K [0x00000000a1600000, 0x0000000100000000)
  region size 1024K, 2 young (2048K), 2 survivors (2048K)
 Metaspace       used 90454K, committed 91136K, reserved 1130496K
  class space    used 11993K, committed 12352K, reserved 1048576K
}
Event: 2036.100 GC heap before
{Heap before GC invocations=61 (full 0):
 garbage-first heap   total 121856K, used 106202K [0x00000000a1600000, 0x0000000100000000)
  region size 1024K, 58 young (59392K), 2 survivors (2048K)
 Metaspace       used 90456K, committed 91136K, reserved 1130496K
  class space    used 11994K, committed 12352K, reserved 1048576K
}
Event: 2036.107 GC heap after
{Heap after GC invocations=62 (full 0):
 garbage-first heap   total 121856K, used 48794K [0x00000000a1600000, 0x0000000100000000)
  region size 1024K, 2 young (2048K), 2 survivors (2048K)
 Metaspace       used 90456K, committed 91136K, reserved 1130496K
  class space    used 11994K, committed 12352K, reserved 1048576K
}
Event: 2037.702 GC heap before
{Heap before GC invocations=62 (full 0):
 garbage-first heap   total 121856K, used 106138K [0x00000000a1600000, 0x0000000100000000)
  region size 1024K, 58 young (59392K), 2 survivors (2048K)
 Metaspace       used 90457K, committed 91136K, reserved 1130496K
  class space    used 11994K, committed 12352K, reserved 1048576K
}
Event: 2037.712 GC heap after
{Heap after GC invocations=63 (full 0):
 garbage-first heap   total 121856K, used 48899K [0x00000000a1600000, 0x0000000100000000)
  region size 1024K, 2 young (2048K), 2 survivors (2048K)
 Metaspace       used 90457K, committed 91136K, reserved 1130496K
  class space    used 11994K, committed 12352K, reserved 1048576K
}
Event: 2039.030 GC heap before
{Heap before GC invocations=63 (full 0):
 garbage-first heap   total 121856K, used 106243K [0x00000000a1600000, 0x0000000100000000)
  region size 1024K, 58 young (59392K), 2 survivors (2048K)
 Metaspace       used 90457K, committed 91136K, reserved 1130496K
  class space    used 11994K, committed 12352K, reserved 1048576K
}
Event: 2039.043 GC heap after
{Heap after GC invocations=64 (full 0):
 garbage-first heap   total 121856K, used 48873K [0x00000000a1600000, 0x0000000100000000)
  region size 1024K, 2 young (2048K), 2 survivors (2048K)
 Metaspace       used 90457K, committed 91136K, reserved 1130496K
  class space    used 11994K, committed 12352K, reserved 1048576K
}
Event: 2040.553 GC heap before
{Heap before GC invocations=64 (full 0):
 garbage-first heap   total 121856K, used 106217K [0x00000000a1600000, 0x0000000100000000)
  region size 1024K, 58 young (59392K), 2 survivors (2048K)
 Metaspace       used 90458K, committed 91136K, reserved 1130496K
  class space    used 11994K, committed 12352K, reserved 1048576K
}
Event: 2040.567 GC heap after
{Heap after GC invocations=65 (full 0):
 garbage-first heap   total 121856K, used 48901K [0x00000000a1600000, 0x0000000100000000)
  region size 1024K, 2 young (2048K), 2 survivors (2048K)
 Metaspace       used 90458K, committed 91136K, reserved 1130496K
  class space    used 11994K, committed 12352K, reserved 1048576K
}
Event: 2592.584 GC heap before
{Heap before GC invocations=65 (full 0):
 garbage-first heap   total 121856K, used 106245K [0x00000000a1600000, 0x0000000100000000)
  region size 1024K, 58 young (59392K), 2 survivors (2048K)
 Metaspace       used 90528K, committed 91200K, reserved 1130496K
  class space    used 11994K, committed 12352K, reserved 1048576K
}
Event: 2592.699 GC heap after
{Heap after GC invocations=66 (full 0):
 garbage-first heap   total 121856K, used 48869K [0x00000000a1600000, 0x0000000100000000)
  region size 1024K, 2 young (2048K), 2 survivors (2048K)
 Metaspace       used 90528K, committed 91200K, reserved 1130496K
  class space    used 11994K, committed 12352K, reserved 1048576K
}
Event: 2598.306 GC heap before
{Heap before GC invocations=66 (full 0):
 garbage-first heap   total 121856K, used 106213K [0x00000000a1600000, 0x0000000100000000)
  region size 1024K, 58 young (59392K), 2 survivors (2048K)
 Metaspace       used 90532K, committed 91200K, reserved 1130496K
  class space    used 11994K, committed 12352K, reserved 1048576K
}
Event: 2598.311 GC heap after
{Heap after GC invocations=67 (full 0):
 garbage-first heap   total 121856K, used 48803K [0x00000000a1600000, 0x0000000100000000)
  region size 1024K, 2 young (2048K), 2 survivors (2048K)
 Metaspace       used 90532K, committed 91200K, reserved 1130496K
  class space    used 11994K, committed 12352K, reserved 1048576K
}
Event: 2602.832 GC heap before
{Heap before GC invocations=67 (full 0):
 garbage-first heap   total 121856K, used 106147K [0x00000000a1600000, 0x0000000100000000)
  region size 1024K, 58 young (59392K), 2 survivors (2048K)
 Metaspace       used 90532K, committed 91200K, reserved 1130496K
  class space    used 11995K, committed 12352K, reserved 1048576K
}
Event: 2602.834 GC heap after
{Heap after GC invocations=68 (full 0):
 garbage-first heap   total 121856K, used 48750K [0x00000000a1600000, 0x0000000100000000)
  region size 1024K, 1 young (1024K), 1 survivors (1024K)
 Metaspace       used 90532K, committed 91200K, reserved 1130496K
  class space    used 11995K, committed 12352K, reserved 1048576K
}
Event: 2609.971 GC heap before
{Heap before GC invocations=68 (full 0):
 garbage-first heap   total 121856K, used 108142K [0x00000000a1600000, 0x0000000100000000)
  region size 1024K, 59 young (60416K), 1 survivors (1024K)
 Metaspace       used 90539K, committed 91200K, reserved 1130496K
  class space    used 11996K, committed 12352K, reserved 1048576K
}
Event: 2609.976 GC heap after
{Heap after GC invocations=69 (full 0):
 garbage-first heap   total 121856K, used 48771K [0x00000000a1600000, 0x0000000100000000)
  region size 1024K, 1 young (1024K), 1 survivors (1024K)
 Metaspace       used 90539K, committed 91200K, reserved 1130496K
  class space    used 11996K, committed 12352K, reserved 1048576K
}

