# JRE version: Java(TM) SE Runtime Environment (17.0.6+9) (build 17.0.6+9-LTS-190)
# Java VM: Java HotSpot(TM) 64-Bit Server VM (17.0.6+9-LTS-190, mixed mode, sharing, tiered, compressed oops, compressed class ptrs, g1 gc, windows-amd64)
GC Precious Log:
 CPUs: 4 total, 4 available
 Memory: 6053M
 Large Page Support: Disabled
 NUMA Support: Disabled
 Compressed Oops: Enabled (32-bit)
 Heap Region Size: 1M
 Heap Min Capacity: 8M
 Heap Initial Capacity: 96M
 Heap Max Capacity: 1514M
 Pre-touch: Disabled
 Parallel Workers: 4
 Concurrent Workers: 1
 Concurrent Refinement Workers: 4
 Periodic GC: Disabled
Heap:
 garbage-first heap   total 59392K, used 49395K [0x00000000a1600000, 0x0000000100000000)
  region size 1024K, 25 young (25600K), 1 survivors (1024K)
 Metaspace       used 52533K, committed 52992K, reserved 1097728K
  class space    used 6683K, committed 6976K, reserved 1048576K
GC Heap History (20 events):
Event: 1755.325 GC heap before
{Heap before GC invocations=37 (full 0):
 garbage-first heap   total 59392K, used 51171K [0x00000000a1600000, 0x0000000100000000)
  region size 1024K, 26 young (26624K), 1 survivors (1024K)
 Metaspace       used 52352K, committed 52864K, reserved 1097728K
  class space    used 6681K, committed 6976K, reserved 1048576K
}
Event: 1755.328 GC heap after
{Heap after GC invocations=38 (full 0):
 garbage-first heap   total 59392K, used 25552K [0x00000000a1600000, 0x0000000100000000)
  region size 1024K, 1 young (1024K), 1 survivors (1024K)
 Metaspace       used 52352K, committed 52864K, reserved 1097728K
  class space    used 6681K, committed 6976K, reserved 1048576K
}
Event: 1762.353 GC heap before
{Heap before GC invocations=38 (full 0):
 garbage-first heap   total 59392K, used 51152K [0x00000000a1600000, 0x0000000100000000)
  region size 1024K, 26 young (26624K), 1 survivors (1024K)
 Metaspace       used 52365K, committed 52864K, reserved 1097728K
  class space    used 6681K, committed 6976K, reserved 1048576K
}
Event: 1762.355 GC heap after
{Heap after GC invocations=39 (full 0):
 garbage-first heap   total 59392K, used 25567K [0x00000000a1600000, 0x0000000100000000)
  region size 1024K, 1 young (1024K), 1 survivors (1024K)
 Metaspace       used 52365K, committed 52864K, reserved 1097728K
  class space    used 6681K, committed 6976K, reserved 1048576K
}
Event: 2128.707 GC heap before
{Heap before GC invocations=39 (full 0):
 garbage-first heap   total 59392K, used 51167K [0x00000000a1600000, 0x0000000100000000)
  region size 1024K, 26 young (26624K), 1 survivors (1024K)
 Metaspace       used 52457K, committed 52928K, reserved 1097728K
  class space    used 6681K, committed 6976K, reserved 1048576K
}
Event: 2128.876 GC heap after
{Heap after GC invocations=40 (full 0):
 garbage-first heap   total 59392K, used 25837K [0x00000000a1600000, 0x0000000100000000)
  region size 1024K, 1 young (1024K), 1 survivors (1024K)
 Metaspace       used 52457K, committed 52928K, reserved 1097728K
  class space    used 6681K, committed 6976K, reserved 1048576K
}
Event: 2131.859 GC heap before
{Heap before GC invocations=40 (full 0):
 garbage-first heap   total 59392K, used 51437K [0x00000000a1600000, 0x0000000100000000)
  region size 1024K, 26 young (26624K), 1 survivors (1024K)
 Metaspace       used 52457K, committed 52928K, reserved 1097728K
  class space    used 6681K, committed 6976K, reserved 1048576K
}
Event: 2131.866 GC heap after
{Heap after GC invocations=41 (full 0):
 garbage-first heap   total 59392K, used 25881K [0x00000000a1600000, 0x0000000100000000)
  region size 1024K, 1 young (1024K), 1 survivors (1024K)
 Metaspace       used 52457K, committed 52928K, reserved 1097728K
  class space    used 6681K, committed 6976K, reserved 1048576K
}
Event: 2134.046 GC heap before
{Heap before GC invocations=41 (full 0):
 garbage-first heap   total 59392K, used 51481K [0x00000000a1600000, 0x0000000100000000)
  region size 1024K, 26 young (26624K), 1 survivors (1024K)
 Metaspace       used 52459K, committed 52928K, reserved 1097728K
  class space    used 6681K, committed 6976K, reserved 1048576K
}
Event: 2134.050 GC heap after
{Heap after GC invocations=42 (full 0):
 garbage-first heap   total 59392K, used 25920K [0x00000000a1600000, 0x0000000100000000)
  region size 1024K, 1 young (1024K), 1 survivors (1024K)
 Metaspace       used 52459K, committed 52928K, reserved 1097728K
  class space    used 6681K, committed 6976K, reserved 1048576K
}
Event: 2135.977 GC heap before
{Heap before GC invocations=42 (full 0):
 garbage-first heap   total 59392K, used 51520K [0x00000000a1600000, 0x0000000100000000)
  region size 1024K, 26 young (26624K), 1 survivors (1024K)
 Metaspace       used 52459K, committed 52928K, reserved 1097728K
  class space    used 6681K, committed 6976K, reserved 1048576K
}
Event: 2135.983 GC heap after
{Heap after GC invocations=43 (full 0):
 garbage-first heap   total 59392K, used 25836K [0x00000000a1600000, 0x0000000100000000)
  region size 1024K, 1 young (1024K), 1 survivors (1024K)
 Metaspace       used 52459K, committed 52928K, reserved 1097728K
  class space    used 6681K, committed 6976K, reserved 1048576K
}
Event: 2452.467 GC heap before
{Heap before GC invocations=43 (full 0):
 garbage-first heap   total 59392K, used 51436K [0x00000000a1600000, 0x0000000100000000)
  region size 1024K, 26 young (26624K), 1 survivors (1024K)
 Metaspace       used 52473K, committed 52928K, reserved 1097728K
  class space    used 6681K, committed 6976K, reserved 1048576K
}
Event: 2452.634 GC heap after
{Heap after GC invocations=44 (full 0):
 garbage-first heap   total 59392K, used 25857K [0x00000000a1600000, 0x0000000100000000)
  region size 1024K, 1 young (1024K), 1 survivors (1024K)
 Metaspace       used 52473K, committed 52928K, reserved 1097728K
  class space    used 6681K, committed 6976K, reserved 1048576K
}
Event: 2687.075 GC heap before
{Heap before GC invocations=44 (full 0):
 garbage-first heap   total 59392K, used 51457K [0x00000000a1600000, 0x0000000100000000)
  region size 1024K, 26 young (26624K), 1 survivors (1024K)
 Metaspace       used 52520K, committed 52992K, reserved 1097728K
  class space    used 6683K, committed 6976K, reserved 1048576K
}
Event: 2687.132 GC heap after
{Heap after GC invocations=45 (full 0):
 garbage-first heap   total 59392K, used 25855K [0x00000000a1600000, 0x0000000100000000)
  region size 1024K, 1 young (1024K), 1 survivors (1024K)
 Metaspace       used 52520K, committed 52992K, reserved 1097728K
  class space    used 6683K, committed 6976K, reserved 1048576K
}
Event: 2693.190 GC heap before
{Heap before GC invocations=45 (full 0):
 garbage-first heap   total 59392K, used 51455K [0x00000000a1600000, 0x0000000100000000)
  region size 1024K, 26 young (26624K), 1 survivors (1024K)
 Metaspace       used 52524K, committed 52992K, reserved 1097728K
  class space    used 6683K, committed 6976K, reserved 1048576K
}
Event: 2693.198 GC heap after
{Heap after GC invocations=46 (full 0):
 garbage-first heap   total 59392K, used 25836K [0x00000000a1600000, 0x0000000100000000)
  region size 1024K, 1 young (1024K), 1 survivors (1024K)
 Metaspace       used 52524K, committed 52992K, reserved 1097728K
  class space    used 6683K, committed 6976K, reserved 1048576K
}
Event: 2699.124 GC heap before
{Heap before GC invocations=46 (full 0):
 garbage-first heap   total 59392K, used 50412K [0x00000000a1600000, 0x0000000100000000)
  region size 1024K, 25 young (25600K), 1 survivors (1024K)
 Metaspace       used 52532K, committed 52992K, reserved 1097728K
  class space    used 6683K, committed 6976K, reserved 1048576K
}
Event: 2699.132 GC heap after
{Heap after GC invocations=47 (full 0):
 garbage-first heap   total 59392K, used 25843K [0x00000000a1600000, 0x0000000100000000)
  region size 1024K, 1 young (1024K), 1 survivors (1024K)
 Metaspace       used 52532K, committed 52992K, reserved 1097728K
  class space    used 6683K, committed 6976K, reserved 1048576K
}

