# JRE version: Java(TM) SE Runtime Environment (17.0.6+9) (build 17.0.6+9-LTS-190)
# Java VM: Java HotSpot(TM) 64-Bit Server VM (17.0.6+9-LTS-190, mixed mode, sharing, tiered, compressed oops, compressed class ptrs, g1 gc, windows-amd64)
GC Precious Log:
 CPUs: 4 total, 4 available
 Memory: 6053M
 Large Page Support: Disabled
 NUMA Support: Disabled
 Compressed Oops: Enabled (32-bit)
 Heap Region Size: 1M
 Heap Min Capacity: 8M
 Heap Initial Capacity: 96M
 Heap Max Capacity: 1514M
 Pre-touch: Disabled
 Parallel Workers: 4
 Concurrent Workers: 1
 Concurrent Refinement Workers: 4
 Periodic GC: Disabled
Heap:
 garbage-first heap   total 86016K, used 57647K [0x00000000a1600000, 0x0000000100000000)
  region size 1024K, 11 young (11264K), 1 survivors (1024K)
 Metaspace       used 84453K, committed 84992K, reserved 1130496K
  class space    used 11640K, committed 11904K, reserved 1048576K
GC Heap History (20 events):
Event: 22.463 GC heap before
{Heap before GC invocations=18 (full 0):
 garbage-first heap   total 70656K, used 38794K [0x00000000a1600000, 0x0000000100000000)
  region size 1024K, 11 young (11264K), 4 survivors (4096K)
 Metaspace       used 59856K, committed 60288K, reserved 1105920K
  class space    used 8239K, committed 8448K, reserved 1048576K
}
Event: 22.472 GC heap after
{Heap after GC invocations=19 (full 0):
 garbage-first heap   total 70656K, used 33172K [0x00000000a1600000, 0x0000000100000000)
  region size 1024K, 2 young (2048K), 2 survivors (2048K)
 Metaspace       used 59856K, committed 60288K, reserved 1105920K
  class space    used 8239K, committed 8448K, reserved 1048576K
}
Event: 24.248 GC heap before
{Heap before GC invocations=20 (full 0):
 garbage-first heap   total 70656K, used 57748K [0x00000000a1600000, 0x0000000100000000)
  region size 1024K, 26 young (26624K), 2 survivors (2048K)
 Metaspace       used 64383K, committed 64896K, reserved 1105920K
  class space    used 8861K, committed 9088K, reserved 1048576K
}
Event: 24.259 GC heap after
{Heap after GC invocations=21 (full 0):
 garbage-first heap   total 70656K, used 36346K [0x00000000a1600000, 0x0000000100000000)
  region size 1024K, 4 young (4096K), 4 survivors (4096K)
 Metaspace       used 64383K, committed 64896K, reserved 1105920K
  class space    used 8861K, committed 9088K, reserved 1048576K
}
Event: 26.702 GC heap before
{Heap before GC invocations=22 (full 0):
 garbage-first heap   total 70656K, used 56826K [0x00000000a1600000, 0x0000000100000000)
  region size 1024K, 24 young (24576K), 4 survivors (4096K)
 Metaspace       used 69517K, committed 69952K, reserved 1114112K
  class space    used 9542K, committed 9728K, reserved 1048576K
}
Event: 26.714 GC heap after
{Heap after GC invocations=23 (full 0):
 garbage-first heap   total 70656K, used 38987K [0x00000000a1600000, 0x0000000100000000)
  region size 1024K, 3 young (3072K), 3 survivors (3072K)
 Metaspace       used 69517K, committed 69952K, reserved 1114112K
  class space    used 9542K, committed 9728K, reserved 1048576K
}
Event: 29.021 GC heap before
{Heap before GC invocations=23 (full 0):
 garbage-first heap   total 70656K, used 57419K [0x00000000a1600000, 0x0000000100000000)
  region size 1024K, 21 young (21504K), 3 survivors (3072K)
 Metaspace       used 71311K, committed 71808K, reserved 1114112K
  class space    used 9822K, committed 10048K, reserved 1048576K
}
Event: 29.030 GC heap after
{Heap after GC invocations=24 (full 0):
 garbage-first heap   total 70656K, used 40541K [0x00000000a1600000, 0x0000000100000000)
  region size 1024K, 2 young (2048K), 2 survivors (2048K)
 Metaspace       used 71311K, committed 71808K, reserved 1114112K
  class space    used 9822K, committed 10048K, reserved 1048576K
}
Event: 30.551 GC heap before
{Heap before GC invocations=25 (full 0):
 garbage-first heap   total 70656K, used 57949K [0x00000000a1600000, 0x0000000100000000)
  region size 1024K, 19 young (19456K), 2 survivors (2048K)
 Metaspace       used 73309K, committed 73856K, reserved 1114112K
  class space    used 10132K, committed 10368K, reserved 1048576K
}
Event: 30.559 GC heap after
{Heap after GC invocations=26 (full 0):
 garbage-first heap   total 70656K, used 42101K [0x00000000a1600000, 0x0000000100000000)
  region size 1024K, 3 young (3072K), 3 survivors (3072K)
 Metaspace       used 73309K, committed 73856K, reserved 1114112K
  class space    used 10132K, committed 10368K, reserved 1048576K
}
Event: 32.692 GC heap before
{Heap before GC invocations=26 (full 0):
 garbage-first heap   total 70656K, used 58485K [0x00000000a1600000, 0x0000000100000000)
  region size 1024K, 19 young (19456K), 3 survivors (3072K)
 Metaspace       used 75191K, committed 75776K, reserved 1114112K
  class space    used 10436K, committed 10688K, reserved 1048576K
}
Event: 32.702 GC heap after
{Heap after GC invocations=27 (full 0):
 garbage-first heap   total 70656K, used 44036K [0x00000000a1600000, 0x0000000100000000)
  region size 1024K, 2 young (2048K), 2 survivors (2048K)
 Metaspace       used 75191K, committed 75776K, reserved 1114112K
  class space    used 10436K, committed 10688K, reserved 1048576K
}
Event: 34.164 GC heap before
{Heap before GC invocations=28 (full 0):
 garbage-first heap   total 76800K, used 57348K [0x00000000a1600000, 0x0000000100000000)
  region size 1024K, 15 young (15360K), 2 survivors (2048K)
 Metaspace       used 78629K, committed 79168K, reserved 1122304K
  class space    used 10891K, committed 11136K, reserved 1048576K
}
Event: 34.171 GC heap after
{Heap after GC invocations=29 (full 0):
 garbage-first heap   total 76800K, used 45830K [0x00000000a1600000, 0x0000000100000000)
  region size 1024K, 2 young (2048K), 2 survivors (2048K)
 Metaspace       used 78629K, committed 79168K, reserved 1122304K
  class space    used 10891K, committed 11136K, reserved 1048576K
}
Event: 98.299 GC heap before
{Heap before GC invocations=29 (full 0):
 garbage-first heap   total 76800K, used 62214K [0x00000000a1600000, 0x0000000100000000)
  region size 1024K, 19 young (19456K), 2 survivors (2048K)
 Metaspace       used 82007K, committed 82624K, reserved 1122304K
  class space    used 11372K, committed 11648K, reserved 1048576K
}
Event: 98.308 GC heap after
{Heap after GC invocations=30 (full 0):
 garbage-first heap   total 76800K, used 47692K [0x00000000a1600000, 0x0000000100000000)
  region size 1024K, 2 young (2048K), 2 survivors (2048K)
 Metaspace       used 82007K, committed 82624K, reserved 1122304K
  class space    used 11372K, committed 11648K, reserved 1048576K
}
Event: 1787.940 GC heap before
{Heap before GC invocations=31 (full 0):
 garbage-first heap   total 86016K, used 63052K [0x00000000a1600000, 0x0000000100000000)
  region size 1024K, 17 young (17408K), 2 survivors (2048K)
 Metaspace       used 84267K, committed 84800K, reserved 1130496K
  class space    used 11637K, committed 11904K, reserved 1048576K
}
Event: 1788.707 GC heap after
{Heap after GC invocations=32 (full 0):
 garbage-first heap   total 86016K, used 49161K [0x00000000a1600000, 0x0000000100000000)
  region size 1024K, 2 young (2048K), 2 survivors (2048K)
 Metaspace       used 84267K, committed 84800K, reserved 1130496K
  class space    used 11637K, committed 11904K, reserved 1048576K
}
Event: 1800.277 GC heap before
{Heap before GC invocations=32 (full 0):
 garbage-first heap   total 86016K, used 51209K [0x00000000a1600000, 0x0000000100000000)
  region size 1024K, 4 young (4096K), 2 survivors (2048K)
 Metaspace       used 84279K, committed 84800K, reserved 1130496K
  class space    used 11637K, committed 11904K, reserved 1048576K
}
Event: 1800.406 GC heap after
{Heap after GC invocations=33 (full 0):
 garbage-first heap   total 86016K, used 48431K [0x00000000a1600000, 0x0000000100000000)
  region size 1024K, 1 young (1024K), 1 survivors (1024K)
 Metaspace       used 84279K, committed 84800K, reserved 1130496K
  class space    used 11637K, committed 11904K, reserved 1048576K
}

